2018-02-23 21:38:54,335  WARN [ModalContext] - ScalaProject - Project DDS has platform default sourceLevel.
2018-02-23 21:38:54,337  WARN [ModalContext] - ScalaProject - Project DDS runs on platform default installation.
2018-02-23 21:38:54,717  WARN [Worker-2] - ScalaProject - Project DDS has platform default sourceLevel.
2018-02-23 21:38:54,718  WARN [Worker-2] - ScalaProject - Project DDS runs on platform default installation.
2018-02-23 21:39:01,112  WARN [Worker-4] - ScalaProject - Project DDS has platform default sourceLevel.
2018-02-23 21:39:01,113  WARN [Worker-4] - ScalaProject - Project DDS runs on platform default installation.
2018-02-23 21:39:02,769  WARN [bundle-347-ActorSystem-akka.actor.default-dispatcher-2] - ScalaProject - Project DDS has platform default sourceLevel.
2018-02-23 21:39:02,770  WARN [bundle-347-ActorSystem-akka.actor.default-dispatcher-2] - ScalaProject - Project DDS runs on platform default installation.
2018-02-23 21:39:07,560  WARN [Worker-7] - ScalaProject - Project DDS has platform default sourceLevel.
2018-02-23 21:39:07,560  WARN [Worker-7] - ScalaProject - Project DDS runs on platform default installation.
2018-02-23 21:40:49,021  WARN [org.eclipse.jface.text.reconciler.MonoReconciler] - ScalaProject - Project DDS has platform default sourceLevel.
2018-02-23 21:40:49,027  WARN [org.eclipse.jface.text.reconciler.MonoReconciler] - ScalaProject - Project DDS runs on platform default installation.
2018-02-23 21:40:49,128  WARN [Worker-0] - ScalaProject - Project DDS has platform default sourceLevel.
2018-02-23 21:40:49,128  WARN [Worker-0] - ScalaProject - Project DDS runs on platform default installation.
2018-02-23 21:40:49,132  WARN [org.eclipse.jface.text.reconciler.MonoReconciler] - ScalaProject - Project DDS has platform default sourceLevel.
2018-02-23 21:40:49,132  WARN [org.eclipse.jface.text.reconciler.MonoReconciler] - ScalaProject - Project DDS runs on platform default installation.
2018-02-23 21:40:49,937  WARN [Worker-7] - ScalaProject - Project DDS has platform default sourceLevel.
2018-02-23 21:40:49,937  WARN [Worker-7] - ScalaProject - Project DDS runs on platform default installation.
2018-02-23 21:40:49,999  WARN [Worker-7] - ScalaProject - Project DDS has platform default sourceLevel.
2018-02-23 21:40:50,000  WARN [Worker-7] - ScalaProject - Project DDS runs on platform default installation.
2018-02-23 21:42:08,266  WARN [Worker-0] - ScalaProject - Project DDS has platform default sourceLevel.
2018-02-23 21:42:08,267  WARN [Worker-0] - ScalaProject - Project DDS runs on platform default installation.
2018-02-23 21:42:11,123  WARN [Worker-11] - ScalaProject - Project DDS has platform default sourceLevel.
2018-02-23 21:42:11,123  WARN [Worker-11] - ScalaProject - Project DDS runs on platform default installation.
2018-02-23 21:46:12,187 ERROR [Text Viewer Hover Presenter] - IScalaPresentationCompiler$ - Ignoring InterruptException
2018-02-23 21:46:12,192 ERROR [Text Viewer Hover Presenter] - IScalaPresentationCompiler$ - Ignoring InterruptException
2018-02-23 21:47:53,649  WARN [Worker-15] - ScalaProject - Project DDS has platform default sourceLevel.
2018-02-23 21:47:53,651  WARN [Worker-15] - ScalaProject - Project DDS runs on platform default installation.
2018-02-23 21:47:55,171  WARN [Worker-15] - ScalaProject - Project DDS has platform default sourceLevel.
2018-02-23 21:47:55,171  WARN [Worker-15] - ScalaProject - Project DDS runs on platform default installation.
2018-02-23 21:48:03,565  WARN [Worker-13] - ScalaProject - Project DDS has platform default sourceLevel.
2018-02-23 21:48:03,566  WARN [Worker-13] - ScalaProject - Project DDS runs on platform default installation.
2018-02-23 21:48:05,290  WARN [Worker-13] - ScalaProject - Project DDS has platform default sourceLevel.
2018-02-23 21:48:05,291  WARN [Worker-13] - ScalaProject - Project DDS runs on platform default installation.
2018-02-23 21:48:27,969  WARN [Worker-15] - ScalaProject - Project DDS has platform default sourceLevel.
2018-02-23 21:48:27,969  WARN [Worker-15] - ScalaProject - Project DDS runs on platform default installation.
2018-02-23 21:48:32,356 ERROR [Text Viewer Hover Presenter] - IScalaPresentationCompiler$ - Ignoring InterruptException
2018-02-23 21:48:32,360 ERROR [Text Viewer Hover Presenter] - IScalaPresentationCompiler$ - Ignoring InterruptException
2018-02-23 21:48:32,360 ERROR [Text Viewer Hover Presenter] - IScalaPresentationCompiler$ - Ignoring InterruptException
2018-02-23 21:48:50,965 ERROR [Output Stream Monitor] - System.err - Exception in thread "Output Stream Monitor"
2018-02-23 21:48:50,970 ERROR [Output Stream Monitor] - System.err - java.lang.OutOfMemoryError: Java heap space
2018-02-23 21:48:50,970 ERROR [Output Stream Monitor] - System.err - at java.util.Arrays.copyOf(Arrays.java:3332)
2018-02-23 21:48:50,970 ERROR [Output Stream Monitor] - System.err - at java.lang.AbstractStringBuilder.ensureCapacityInternal(AbstractStringBuilder.java:124)
2018-02-23 21:48:50,970 ERROR [Output Stream Monitor] - System.err - at java.lang.AbstractStringBuilder.append(AbstractStringBuilder.java:448)
2018-02-23 21:48:50,970 ERROR [Output Stream Monitor] - System.err - at java.lang.StringBuffer.append(StringBuffer.java:270)
2018-02-23 21:48:50,970 ERROR [Output Stream Monitor] - System.err - at java.io.StringWriter.write(StringWriter.java:101)
2018-02-23 21:48:50,970 ERROR [Output Stream Monitor] - System.err - at org.scalaide.worksheet.runtime.ProgramExecutor$StreamListener.streamAppended(ProgramExecutor.scala:52)
2018-02-23 21:48:50,970 ERROR [Output Stream Monitor] - System.err - at org.eclipse.debug.internal.core.OutputStreamMonitor$ContentNotifier.run(OutputStreamMonitor.java:267)
2018-02-23 21:48:50,971 ERROR [Output Stream Monitor] - System.err - at org.eclipse.core.runtime.SafeRunner.run(SafeRunner.java:42)
2018-02-23 21:48:50,971 ERROR [Output Stream Monitor] - System.err - at org.eclipse.debug.internal.core.OutputStreamMonitor$ContentNotifier.notifyAppend(OutputStreamMonitor.java:277)
2018-02-23 21:48:50,971 ERROR [Output Stream Monitor] - System.err - at org.eclipse.debug.internal.core.OutputStreamMonitor.fireStreamAppended(OutputStreamMonitor.java:118)
2018-02-23 21:48:50,971 ERROR [Output Stream Monitor] - System.err - at org.eclipse.debug.internal.core.OutputStreamMonitor.read(OutputStreamMonitor.java:159)
2018-02-23 21:48:50,971 ERROR [Output Stream Monitor] - System.err - at org.eclipse.debug.internal.core.OutputStreamMonitor.access$1(OutputStreamMonitor.java:137)
2018-02-23 21:48:50,971 ERROR [Output Stream Monitor] - System.err - at org.eclipse.debug.internal.core.OutputStreamMonitor$1.run(OutputStreamMonitor.java:212)
2018-02-23 21:48:50,971 ERROR [Output Stream Monitor] - System.err - at java.lang.Thread.run(Thread.java:748)
2018-02-23 21:48:53,234 ERROR [bundle-347-ActorSystem-akka.actor.default-dispatcher-11] - System.err - Uncaught error from thread [
2018-02-23 21:48:53,234 ERROR [bundle-347-ActorSystem-akka.actor.default-dispatcher-11] - System.err - bundle-347-ActorSystem-akka.actor.default-dispatcher-11
2018-02-23 21:48:53,234 ERROR [bundle-347-ActorSystem-akka.actor.default-dispatcher-11] - System.err - ] shutting down JVM since 'akka.jvm-exit-on-fatal-error' is enabled for ActorSystem[
2018-02-23 21:48:53,235 ERROR [bundle-347-ActorSystem-akka.actor.default-dispatcher-11] - System.err - bundle-347-ActorSystem
2018-02-23 21:48:53,235 ERROR [bundle-347-ActorSystem-akka.actor.default-dispatcher-11] - System.err - ]
2018-02-23 21:48:53,235 ERROR [bundle-347-ActorSystem-akka.actor.default-dispatcher-11] - System.err - java.lang.OutOfMemoryError: Java heap space
2018-02-23 21:48:53,235 ERROR [bundle-347-ActorSystem-akka.actor.default-dispatcher-11] - System.err - at java.util.Arrays.copyOf(Arrays.java:3332)
2018-02-23 21:48:53,235 ERROR [bundle-347-ActorSystem-akka.actor.default-dispatcher-11] - System.err - at java.lang.AbstractStringBuilder.ensureCapacityInternal(AbstractStringBuilder.java:124)
2018-02-23 21:48:53,235 ERROR [bundle-347-ActorSystem-akka.actor.default-dispatcher-11] - System.err - at java.lang.AbstractStringBuilder.append(AbstractStringBuilder.java:448)
2018-02-23 21:48:53,235 ERROR [bundle-347-ActorSystem-akka.actor.default-dispatcher-11] - System.err - at java.lang.StringBuilder.append(StringBuilder.java:136)
2018-02-23 21:48:53,235 ERROR [bundle-347-ActorSystem-akka.actor.default-dispatcher-11] - System.err - at scala.collection.mutable.StringBuilder.append(StringBuilder.scala:200)
2018-02-23 21:48:53,235 ERROR [bundle-347-ActorSystem-akka.actor.default-dispatcher-11] - System.err - at scala.collection.TraversableOnce.$anonfun$addString$1(TraversableOnce.scala:364)
2018-02-23 21:48:53,235 ERROR [bundle-347-ActorSystem-akka.actor.default-dispatcher-11] - System.err - at scala.collection.TraversableOnce$$Lambda$214/1356423179.apply(Unknown Source)
2018-02-23 21:48:53,235 ERROR [bundle-347-ActorSystem-akka.actor.default-dispatcher-11] - System.err - at scala.collection.immutable.List.foreach(List.scala:389)
2018-02-23 21:48:53,235 ERROR [bundle-347-ActorSystem-akka.actor.default-dispatcher-11] - System.err - at scala.collection.TraversableOnce.addString(TraversableOnce.scala:357)
2018-02-23 21:48:53,235 ERROR [bundle-347-ActorSystem-akka.actor.default-dispatcher-11] - System.err - at scala.collection.TraversableOnce.addString$(TraversableOnce.scala:353)
2018-02-23 21:48:53,235 ERROR [bundle-347-ActorSystem-akka.actor.default-dispatcher-11] - System.err - at scala.collection.AbstractTraversable.addString(Traversable.scala:104)
2018-02-23 21:48:53,235 ERROR [bundle-347-ActorSystem-akka.actor.default-dispatcher-11] - System.err - at scala.collection.TraversableOnce.mkString(TraversableOnce.scala:323)
2018-02-23 21:48:53,235 ERROR [bundle-347-ActorSystem-akka.actor.default-dispatcher-11] - System.err - at scala.collection.TraversableOnce.mkString$(TraversableOnce.scala:322)
2018-02-23 21:48:53,235 ERROR [bundle-347-ActorSystem-akka.actor.default-dispatcher-11] - System.err - at scala.collection.AbstractTraversable.mkString(Traversable.scala:104)
2018-02-23 21:48:53,235 ERROR [bundle-347-ActorSystem-akka.actor.default-dispatcher-11] - System.err - at scala.collection.TraversableOnce.mkString(TraversableOnce.scala:325)
2018-02-23 21:48:53,235 ERROR [bundle-347-ActorSystem-akka.actor.default-dispatcher-11] - System.err - at scala.collection.TraversableOnce.mkString$(TraversableOnce.scala:325)
2018-02-23 21:48:53,235 ERROR [bundle-347-ActorSystem-akka.actor.default-dispatcher-11] - System.err - at scala.collection.AbstractTraversable.mkString(Traversable.scala:104)
2018-02-23 21:48:53,235 ERROR [bundle-347-ActorSystem-akka.actor.default-dispatcher-11] - System.err - at scala.collection.generic.TraversableForwarder.mkString(TraversableForwarder.scala:74)
2018-02-23 21:48:53,235 ERROR [bundle-347-ActorSystem-akka.actor.default-dispatcher-11] - System.err - at scala.collection.generic.TraversableForwarder.mkString$(TraversableForwarder.scala:74)
2018-02-23 21:48:53,235 ERROR [bundle-347-ActorSystem-akka.actor.default-dispatcher-11] - System.err - at scala.collection.mutable.ListBuffer.mkString(ListBuffer.scala:44)
2018-02-23 21:48:53,235 ERROR [bundle-347-ActorSystem-akka.actor.default-dispatcher-11] - System.err - at org.scalaide.worksheet.runtime.IncrementalDocumentMixer.$anonfun$pruneOutputPerEvaluation$4(IncrementalDocumentMixer.scala:109)
2018-02-23 21:48:53,235 ERROR [bundle-347-ActorSystem-akka.actor.default-dispatcher-11] - System.err - at org.scalaide.worksheet.runtime.IncrementalDocumentMixer$$Lambda$2091/1130448590.apply(Unknown Source)
2018-02-23 21:48:53,235 ERROR [bundle-347-ActorSystem-akka.actor.default-dispatcher-11] - System.err - at scala.collection.TraversableLike$WithFilter.$anonfun$map$2(TraversableLike.scala:739)
2018-02-23 21:48:53,235 ERROR [bundle-347-ActorSystem-akka.actor.default-dispatcher-11] - System.err - at scala.collection.TraversableLike$WithFilter$$Lambda$659/207455702.apply(Unknown Source)
2018-02-23 21:48:53,235 ERROR [bundle-347-ActorSystem-akka.actor.default-dispatcher-11] - System.err - at scala.collection.mutable.LinkedHashMap.foreach(LinkedHashMap.scala:141)
2018-02-23 21:48:53,235 ERROR [bundle-347-ActorSystem-akka.actor.default-dispatcher-11] - System.err - at scala.collection.TraversableLike$WithFilter.map(TraversableLike.scala:738)
2018-02-23 21:48:53,235 ERROR [bundle-347-ActorSystem-akka.actor.default-dispatcher-11] - System.err - at org.scalaide.worksheet.runtime.IncrementalDocumentMixer.pruneOutputPerEvaluation(IncrementalDocumentMixer.scala:108)
2018-02-23 21:48:53,235 ERROR [bundle-347-ActorSystem-akka.actor.default-dispatcher-11] - System.err - at org.scalaide.worksheet.runtime.IncrementalDocumentMixer.org$scalaide$worksheet$runtime$IncrementalDocumentMixer$$updateDocument(IncrementalDocumentMixer.scala:57)
2018-02-23 21:48:53,235 ERROR [bundle-347-ActorSystem-akka.actor.default-dispatcher-11] - System.err - at org.scalaide.worksheet.runtime.IncrementalDocumentMixer$$anonfun$receive$1.applyOrElse(IncrementalDocumentMixer.scala:42)
2018-02-23 21:48:53,235 ERROR [bundle-347-ActorSystem-akka.actor.default-dispatcher-11] - System.err - at akka.actor.Actor.aroundReceive(Actor.scala:497)
2018-02-23 21:48:53,235 ERROR [bundle-347-ActorSystem-akka.actor.default-dispatcher-11] - System.err - at akka.actor.Actor.aroundReceive$(Actor.scala:495)
2018-02-23 21:48:53,235 ERROR [bundle-347-ActorSystem-akka.actor.default-dispatcher-11] - System.err - at org.scalaide.worksheet.runtime.IncrementalDocumentMixer.aroundReceive(IncrementalDocumentMixer.scala:30)
2018-02-23 21:49:17,761  WARN [org.eclipse.jface.text.reconciler.MonoReconciler] - ScalaProject - Project DDS has platform default sourceLevel.
2018-02-23 21:49:17,773  WARN [org.eclipse.jface.text.reconciler.MonoReconciler] - ScalaProject - Project DDS runs on platform default installation.
2018-02-23 21:49:17,811  WARN [org.eclipse.jface.text.reconciler.MonoReconciler] - ScalaProject - Project DDS has platform default sourceLevel.
2018-02-23 21:49:17,811  WARN [org.eclipse.jface.text.reconciler.MonoReconciler] - ScalaProject - Project DDS runs on platform default installation.
2018-02-23 21:49:18,535  WARN [Worker-12] - ScalaProject - Project DDS has platform default sourceLevel.
2018-02-23 21:49:18,536  WARN [Worker-12] - ScalaProject - Project DDS runs on platform default installation.
2018-02-23 21:49:18,628  WARN [Worker-12] - ScalaProject - Project DDS has platform default sourceLevel.
2018-02-23 21:49:18,628  WARN [Worker-12] - ScalaProject - Project DDS runs on platform default installation.
2018-02-23 21:49:57,202  WARN [Worker-5] - ScalaProject - Project DDS has platform default sourceLevel.
2018-02-23 21:49:57,203  WARN [Worker-5] - ScalaProject - Project DDS runs on platform default installation.
2018-02-23 21:49:58,901  WARN [Worker-4] - ScalaProject - Project DDS has platform default sourceLevel.
2018-02-23 21:49:58,901  WARN [Worker-4] - ScalaProject - Project DDS runs on platform default installation.
2018-02-23 21:50:23,801  WARN [Worker-4] - ScalaProject - Project DDS has platform default sourceLevel.
2018-02-23 21:50:23,801  WARN [Worker-4] - ScalaProject - Project DDS runs on platform default installation.
2018-02-23 21:50:37,253 ERROR [Text Viewer Hover Presenter] - IScalaPresentationCompiler$ - Ignoring InterruptException
2018-02-23 21:50:37,255 ERROR [Text Viewer Hover Presenter] - IScalaPresentationCompiler$ - Ignoring InterruptException
2018-02-23 21:50:37,255 ERROR [Text Viewer Hover Presenter] - IScalaPresentationCompiler$ - Ignoring InterruptException
2018-02-23 21:50:43,706 ERROR [Text Viewer Hover Presenter] - IScalaPresentationCompiler$ - Ignoring InterruptException
2018-02-23 21:50:43,708 ERROR [Text Viewer Hover Presenter] - IScalaPresentationCompiler$ - Ignoring InterruptException
2018-02-23 21:50:43,709 ERROR [Text Viewer Hover Presenter] - IScalaPresentationCompiler$ - Ignoring InterruptException
2018-02-23 21:50:52,247 ERROR [bundle-347-ActorSystem-akka.actor.default-dispatcher-5] - System.err - Uncaught error from thread [
2018-02-23 21:50:52,247 ERROR [bundle-347-ActorSystem-akka.actor.default-dispatcher-5] - System.err - bundle-347-ActorSystem-akka.actor.default-dispatcher-5
2018-02-23 21:50:52,247 ERROR [bundle-347-ActorSystem-akka.actor.default-dispatcher-5] - System.err - ] shutting down JVM since 'akka.jvm-exit-on-fatal-error' is enabled for ActorSystem[
2018-02-23 21:50:52,247 ERROR [bundle-347-ActorSystem-akka.actor.default-dispatcher-5] - System.err - bundle-347-ActorSystem
2018-02-23 21:50:52,247 ERROR [bundle-347-ActorSystem-akka.actor.default-dispatcher-5] - System.err - ]
2018-02-23 21:50:52,247 ERROR [bundle-347-ActorSystem-akka.actor.default-dispatcher-5] - System.err - java.lang.OutOfMemoryError: Java heap space
2018-02-23 21:50:52,247 ERROR [bundle-347-ActorSystem-akka.actor.default-dispatcher-5] - System.err - at java.util.Arrays.copyOf(Arrays.java:3332)
2018-02-23 21:50:52,247 ERROR [bundle-347-ActorSystem-akka.actor.default-dispatcher-5] - System.err - at java.lang.AbstractStringBuilder.ensureCapacityInternal(AbstractStringBuilder.java:124)
2018-02-23 21:50:52,247 ERROR [bundle-347-ActorSystem-akka.actor.default-dispatcher-5] - System.err - at java.lang.AbstractStringBuilder.append(AbstractStringBuilder.java:448)
2018-02-23 21:50:52,248 ERROR [bundle-347-ActorSystem-akka.actor.default-dispatcher-5] - System.err - at java.lang.StringBuilder.append(StringBuilder.java:136)
2018-02-23 21:50:52,248 ERROR [bundle-347-ActorSystem-akka.actor.default-dispatcher-5] - System.err - at scala.collection.mutable.StringBuilder.append(StringBuilder.scala:200)
2018-02-23 21:50:52,248 ERROR [bundle-347-ActorSystem-akka.actor.default-dispatcher-5] - System.err - at scala.collection.TraversableOnce.$anonfun$addString$1(TraversableOnce.scala:364)
2018-02-23 21:50:52,248 ERROR [bundle-347-ActorSystem-akka.actor.default-dispatcher-5] - System.err - at scala.collection.TraversableOnce$$Lambda$261/1234059987.apply(Unknown Source)
2018-02-23 21:50:52,248 ERROR [bundle-347-ActorSystem-akka.actor.default-dispatcher-5] - System.err - at scala.collection.immutable.List.foreach(List.scala:389)
2018-02-23 21:50:52,248 ERROR [bundle-347-ActorSystem-akka.actor.default-dispatcher-5] - System.err - at scala.collection.TraversableOnce.addString(TraversableOnce.scala:357)
2018-02-23 21:50:52,248 ERROR [bundle-347-ActorSystem-akka.actor.default-dispatcher-5] - System.err - at scala.collection.TraversableOnce.addString$(TraversableOnce.scala:353)
2018-02-23 21:50:52,248 ERROR [bundle-347-ActorSystem-akka.actor.default-dispatcher-5] - System.err - at scala.collection.AbstractTraversable.addString(Traversable.scala:104)
2018-02-23 21:50:52,248 ERROR [bundle-347-ActorSystem-akka.actor.default-dispatcher-5] - System.err - at scala.collection.TraversableOnce.mkString(TraversableOnce.scala:323)
2018-02-23 21:50:52,248 ERROR [bundle-347-ActorSystem-akka.actor.default-dispatcher-5] - System.err - at scala.collection.TraversableOnce.mkString$(TraversableOnce.scala:322)
2018-02-23 21:50:52,248 ERROR [bundle-347-ActorSystem-akka.actor.default-dispatcher-5] - System.err - at scala.collection.AbstractTraversable.mkString(Traversable.scala:104)
2018-02-23 21:50:52,248 ERROR [bundle-347-ActorSystem-akka.actor.default-dispatcher-5] - System.err - at scala.collection.TraversableOnce.mkString(TraversableOnce.scala:325)
2018-02-23 21:50:52,248 ERROR [bundle-347-ActorSystem-akka.actor.default-dispatcher-5] - System.err - at scala.collection.TraversableOnce.mkString$(TraversableOnce.scala:325)
2018-02-23 21:50:52,248 ERROR [bundle-347-ActorSystem-akka.actor.default-dispatcher-5] - System.err - at scala.collection.AbstractTraversable.mkString(Traversable.scala:104)
2018-02-23 21:50:52,248 ERROR [bundle-347-ActorSystem-akka.actor.default-dispatcher-5] - System.err - at scala.collection.generic.TraversableForwarder.mkString(TraversableForwarder.scala:74)
2018-02-23 21:50:52,248 ERROR [bundle-347-ActorSystem-akka.actor.default-dispatcher-5] - System.err - at scala.collection.generic.TraversableForwarder.mkString$(TraversableForwarder.scala:74)
2018-02-23 21:50:52,248 ERROR [bundle-347-ActorSystem-akka.actor.default-dispatcher-5] - System.err - at scala.collection.mutable.ListBuffer.mkString(ListBuffer.scala:44)
2018-02-23 21:50:52,248 ERROR [bundle-347-ActorSystem-akka.actor.default-dispatcher-5] - System.err - at org.scalaide.worksheet.runtime.IncrementalDocumentMixer.$anonfun$pruneOutputPerEvaluation$4(IncrementalDocumentMixer.scala:109)
2018-02-23 21:50:52,248 ERROR [bundle-347-ActorSystem-akka.actor.default-dispatcher-5] - System.err - at org.scalaide.worksheet.runtime.IncrementalDocumentMixer$$Lambda$2274/1050159309.apply(Unknown Source)
2018-02-23 21:50:52,248 ERROR [bundle-347-ActorSystem-akka.actor.default-dispatcher-5] - System.err - at scala.collection.TraversableLike$WithFilter.$anonfun$map$2(TraversableLike.scala:739)
2018-02-23 21:50:52,249 ERROR [bundle-347-ActorSystem-akka.actor.default-dispatcher-5] - System.err - at scala.collection.TraversableLike$WithFilter$$Lambda$705/1090874144.apply(Unknown Source)
2018-02-23 21:50:52,249 ERROR [bundle-347-ActorSystem-akka.actor.default-dispatcher-5] - System.err - at scala.collection.mutable.LinkedHashMap.foreach(LinkedHashMap.scala:141)
2018-02-23 21:50:52,249 ERROR [bundle-347-ActorSystem-akka.actor.default-dispatcher-5] - System.err - at scala.collection.TraversableLike$WithFilter.map(TraversableLike.scala:738)
2018-02-23 21:50:52,249 ERROR [bundle-347-ActorSystem-akka.actor.default-dispatcher-5] - System.err - at org.scalaide.worksheet.runtime.IncrementalDocumentMixer.pruneOutputPerEvaluation(IncrementalDocumentMixer.scala:108)
2018-02-23 21:50:52,249 ERROR [bundle-347-ActorSystem-akka.actor.default-dispatcher-5] - System.err - at org.scalaide.worksheet.runtime.IncrementalDocumentMixer.org$scalaide$worksheet$runtime$IncrementalDocumentMixer$$updateDocument(IncrementalDocumentMixer.scala:57)
2018-02-23 21:50:52,249 ERROR [bundle-347-ActorSystem-akka.actor.default-dispatcher-5] - System.err - at org.scalaide.worksheet.runtime.IncrementalDocumentMixer$$anonfun$receive$1.applyOrElse(IncrementalDocumentMixer.scala:42)
2018-02-23 21:50:52,249 ERROR [bundle-347-ActorSystem-akka.actor.default-dispatcher-5] - System.err - at akka.actor.Actor.aroundReceive(Actor.scala:497)
2018-02-23 21:50:52,249 ERROR [bundle-347-ActorSystem-akka.actor.default-dispatcher-5] - System.err - at akka.actor.Actor.aroundReceive$(Actor.scala:495)
2018-02-23 21:50:52,249 ERROR [bundle-347-ActorSystem-akka.actor.default-dispatcher-5] - System.err - at org.scalaide.worksheet.runtime.IncrementalDocumentMixer.aroundReceive(IncrementalDocumentMixer.scala:30)
2018-02-23 21:51:14,722  WARN [org.eclipse.jface.text.reconciler.MonoReconciler] - ScalaProject - Project DDS has platform default sourceLevel.
2018-02-23 21:51:14,755  WARN [Worker-4] - ScalaProject - Project DDS has platform default sourceLevel.
2018-02-23 21:51:14,756  WARN [Worker-4] - ScalaProject - Project DDS runs on platform default installation.
2018-02-23 21:51:14,759  WARN [org.eclipse.jface.text.reconciler.MonoReconciler] - ScalaProject - Project DDS runs on platform default installation.
2018-02-23 21:51:14,767  WARN [org.eclipse.jface.text.reconciler.MonoReconciler] - ScalaProject - Project DDS has platform default sourceLevel.
2018-02-23 21:51:14,768  WARN [org.eclipse.jface.text.reconciler.MonoReconciler] - ScalaProject - Project DDS runs on platform default installation.
2018-02-23 21:51:15,482  WARN [Worker-3] - ScalaProject - Project DDS has platform default sourceLevel.
2018-02-23 21:51:15,482  WARN [Worker-3] - ScalaProject - Project DDS runs on platform default installation.
2018-02-23 21:51:15,618  WARN [Worker-3] - ScalaProject - Project DDS has platform default sourceLevel.
2018-02-23 21:51:15,619  WARN [Worker-3] - ScalaProject - Project DDS runs on platform default installation.
2018-02-23 21:51:33,029 ERROR [Text Viewer Hover Presenter] - IScalaPresentationCompiler$ - Ignoring InterruptException
2018-02-23 21:51:33,032 ERROR [Text Viewer Hover Presenter] - IScalaPresentationCompiler$ - Ignoring InterruptException
2018-02-23 21:52:40,138  WARN [Worker-3] - ScalaProject - Project DDS has platform default sourceLevel.
2018-02-23 21:52:40,139  WARN [Worker-3] - ScalaProject - Project DDS runs on platform default installation.
2018-02-23 21:52:46,071  WARN [Worker-0] - ScalaProject - Project DDS has platform default sourceLevel.
2018-02-23 21:52:46,071  WARN [Worker-0] - ScalaProject - Project DDS runs on platform default installation.
2018-02-23 21:52:52,917 ERROR [Text Viewer Hover Presenter] - IScalaPresentationCompiler$ - Ignoring InterruptException
2018-02-23 21:52:52,918 ERROR [Text Viewer Hover Presenter] - IScalaPresentationCompiler$ - Ignoring InterruptException
2018-02-23 21:52:52,918 ERROR [Text Viewer Hover Presenter] - IScalaPresentationCompiler$ - Ignoring InterruptException
2018-02-23 21:53:32,012 ERROR [Worker-8] - ProgramExecutor$ - Worksheet process has terminated unexpectedly (exit value 143
At the time of termination, the following text was available in the output streams:
Standard output:
  56 Welcome to the Scala worksheet
356 controlLoop: [S](state: S, cycle: Int, halt: (S, Int) => Boolean, update: (S
356 , Int) => S)S
890 updatePop: (currentPop: Int, numWeeks: Int)Int
956 stop: (currentPop: Int, numWeeks: Int)Boolean

Standard error:
  

2018-02-23 21:53:32,030  WARN [Worker-8] - ScalaProject - Project DDS has platform default sourceLevel.
2018-02-23 21:53:32,030  WARN [Worker-8] - ScalaProject - Project DDS runs on platform default installation.
2018-02-23 21:53:45,072  WARN [Worker-5] - ScalaProject - Project DDS has platform default sourceLevel.
2018-02-23 21:53:45,073  WARN [Worker-5] - ScalaProject - Project DDS runs on platform default installation.
2018-02-23 21:53:46,942  WARN [Worker-7] - ScalaProject - Project DDS has platform default sourceLevel.
2018-02-23 21:53:46,942  WARN [Worker-7] - ScalaProject - Project DDS runs on platform default installation.
2018-02-23 21:55:00,552 ERROR [Text Viewer Hover Presenter] - IScalaPresentationCompiler$ - Ignoring InterruptException
2018-02-23 21:55:00,553 ERROR [Text Viewer Hover Presenter] - IScalaPresentationCompiler$ - Ignoring InterruptException
2018-02-23 21:55:05,367  WARN [Worker-7] - ScalaProject - Project DDS has platform default sourceLevel.
2018-02-23 21:55:05,367  WARN [Worker-7] - ScalaProject - Project DDS runs on platform default installation.
2018-02-23 21:55:07,120  WARN [Worker-0] - ScalaProject - Project DDS has platform default sourceLevel.
2018-02-23 21:55:07,120  WARN [Worker-0] - ScalaProject - Project DDS runs on platform default installation.
2018-02-23 21:55:11,476  WARN [Worker-1] - ScalaProject - Project DDS has platform default sourceLevel.
2018-02-23 21:55:11,477  WARN [Worker-1] - ScalaProject - Project DDS runs on platform default installation.
2018-02-23 21:55:13,240  WARN [Worker-11] - ScalaProject - Project DDS has platform default sourceLevel.
2018-02-23 21:55:13,240  WARN [Worker-11] - ScalaProject - Project DDS runs on platform default installation.
2018-02-23 21:55:28,818  WARN [Worker-11] - ScalaProject - Project DDS has platform default sourceLevel.
2018-02-23 21:55:28,818  WARN [Worker-11] - ScalaProject - Project DDS runs on platform default installation.
2018-02-23 21:55:30,497  WARN [Worker-0] - ScalaProject - Project DDS has platform default sourceLevel.
2018-02-23 21:55:30,497  WARN [Worker-0] - ScalaProject - Project DDS runs on platform default installation.
2018-02-23 21:55:35,024  WARN [Worker-0] - ScalaProject - Project DDS has platform default sourceLevel.
2018-02-23 21:55:35,024  WARN [Worker-0] - ScalaProject - Project DDS runs on platform default installation.
2018-02-23 21:55:36,825  WARN [Worker-0] - ScalaProject - Project DDS has platform default sourceLevel.
2018-02-23 21:55:36,825  WARN [Worker-0] - ScalaProject - Project DDS runs on platform default installation.
2018-02-23 21:56:29,093  WARN [Worker-11] - ScalaProject - Project DDS has platform default sourceLevel.
2018-02-23 21:56:29,093  WARN [Worker-11] - ScalaProject - Project DDS runs on platform default installation.
2018-02-23 21:56:30,757  WARN [Worker-1] - ScalaProject - Project DDS has platform default sourceLevel.
2018-02-23 21:56:30,757  WARN [Worker-1] - ScalaProject - Project DDS runs on platform default installation.
2018-02-23 21:56:44,148  WARN [Worker-7] - ScalaProject - Project DDS has platform default sourceLevel.
2018-02-23 21:56:44,148  WARN [Worker-7] - ScalaProject - Project DDS runs on platform default installation.
2018-02-23 21:56:45,799  WARN [Worker-0] - ScalaProject - Project DDS has platform default sourceLevel.
2018-02-23 21:56:45,799  WARN [Worker-0] - ScalaProject - Project DDS runs on platform default installation.
2018-02-23 21:56:54,557  WARN [Worker-11] - ScalaProject - Project DDS has platform default sourceLevel.
2018-02-23 21:56:54,558  WARN [Worker-11] - ScalaProject - Project DDS runs on platform default installation.
2018-02-23 21:56:56,319  WARN [Worker-11] - ScalaProject - Project DDS has platform default sourceLevel.
2018-02-23 21:56:56,319  WARN [Worker-11] - ScalaProject - Project DDS runs on platform default installation.
2018-02-23 21:57:18,016  WARN [Worker-0] - ScalaProject - Project DDS has platform default sourceLevel.
2018-02-23 21:57:18,016  WARN [Worker-0] - ScalaProject - Project DDS runs on platform default installation.
2018-02-23 21:57:19,655  WARN [Worker-1] - ScalaProject - Project DDS has platform default sourceLevel.
2018-02-23 21:57:19,655  WARN [Worker-1] - ScalaProject - Project DDS runs on platform default installation.
2018-02-23 21:57:45,788  WARN [Worker-0] - ScalaProject - Project DDS has platform default sourceLevel.
2018-02-23 21:57:45,788  WARN [Worker-0] - ScalaProject - Project DDS runs on platform default installation.
2018-02-23 21:57:48,341  WARN [Worker-11] - ScalaProject - Project DDS has platform default sourceLevel.
2018-02-23 21:57:48,344  WARN [Worker-11] - ScalaProject - Project DDS runs on platform default installation.
2018-02-23 21:57:49,990  WARN [Worker-7] - ScalaProject - Project DDS has platform default sourceLevel.
2018-02-23 21:57:49,990  WARN [Worker-7] - ScalaProject - Project DDS runs on platform default installation.
2018-02-23 22:01:46,163  WARN [Worker-7] - ScalaProject - Project DDS has platform default sourceLevel.
2018-02-23 22:01:46,164  WARN [Worker-7] - ScalaProject - Project DDS runs on platform default installation.
2018-02-23 22:01:47,847  WARN [Worker-0] - ScalaProject - Project DDS has platform default sourceLevel.
2018-02-23 22:01:47,847  WARN [Worker-0] - ScalaProject - Project DDS runs on platform default installation.
2018-02-23 22:02:47,050  WARN [Worker-1] - ScalaProject - Project DDS has platform default sourceLevel.
2018-02-23 22:02:47,052  WARN [Worker-1] - ScalaProject - Project DDS runs on platform default installation.
2018-02-23 22:02:48,685  WARN [Worker-11] - ScalaProject - Project DDS has platform default sourceLevel.
2018-02-23 22:02:48,686  WARN [Worker-11] - ScalaProject - Project DDS runs on platform default installation.
2018-02-23 22:04:19,346  WARN [Worker-0] - ScalaProject - Project DDS has platform default sourceLevel.
2018-02-23 22:04:19,347  WARN [Worker-0] - ScalaProject - Project DDS runs on platform default installation.
2018-02-23 22:04:21,089  WARN [Worker-0] - ScalaProject - Project DDS has platform default sourceLevel.
2018-02-23 22:04:21,089  WARN [Worker-0] - ScalaProject - Project DDS runs on platform default installation.
2018-02-23 22:04:29,479  WARN [Worker-7] - ScalaProject - Project DDS has platform default sourceLevel.
2018-02-23 22:04:29,479  WARN [Worker-7] - ScalaProject - Project DDS runs on platform default installation.
2018-02-23 22:04:31,190  WARN [Worker-7] - ScalaProject - Project DDS has platform default sourceLevel.
2018-02-23 22:04:31,190  WARN [Worker-7] - ScalaProject - Project DDS runs on platform default installation.
2018-02-23 22:09:09,551  WARN [Worker-7] - ScalaProject - Project DDS has platform default sourceLevel.
2018-02-23 22:09:09,551  WARN [Worker-7] - ScalaProject - Project DDS runs on platform default installation.
2018-02-23 22:09:11,210  WARN [Worker-12] - ScalaProject - Project DDS has platform default sourceLevel.
2018-02-23 22:09:11,210  WARN [Worker-12] - ScalaProject - Project DDS runs on platform default installation.
2018-02-23 22:09:22,505  WARN [Worker-12] - ScalaProject - Project DDS has platform default sourceLevel.
2018-02-23 22:09:22,505  WARN [Worker-12] - ScalaProject - Project DDS runs on platform default installation.
2018-02-23 22:09:24,145  WARN [Worker-1] - ScalaProject - Project DDS has platform default sourceLevel.
2018-02-23 22:09:24,147  WARN [Worker-1] - ScalaProject - Project DDS runs on platform default installation.
2018-02-23 22:09:35,999  WARN [Worker-13] - ScalaProject - Project DDS has platform default sourceLevel.
2018-02-23 22:09:36,003  WARN [Worker-13] - ScalaProject - Project DDS runs on platform default installation.
2018-02-23 22:09:37,964  WARN [Worker-13] - ScalaProject - Project DDS has platform default sourceLevel.
2018-02-23 22:09:37,964  WARN [Worker-13] - ScalaProject - Project DDS runs on platform default installation.
2018-02-23 22:10:02,824  WARN [Worker-7] - ScalaProject - Project DDS has platform default sourceLevel.
2018-02-23 22:10:02,824  WARN [Worker-7] - ScalaProject - Project DDS runs on platform default installation.
2018-02-23 22:10:10,895  WARN [Worker-13] - ScalaProject - Project DDS has platform default sourceLevel.
2018-02-23 22:10:10,896  WARN [Worker-13] - ScalaProject - Project DDS runs on platform default installation.
2018-02-23 22:10:12,510  WARN [Worker-7] - ScalaProject - Project DDS has platform default sourceLevel.
2018-02-23 22:10:12,510  WARN [Worker-7] - ScalaProject - Project DDS runs on platform default installation.
2018-02-23 22:10:41,026 ERROR [Text Viewer Hover Presenter] - IScalaPresentationCompiler$ - Ignoring InterruptException
2018-02-23 22:10:41,027 ERROR [Text Viewer Hover Presenter] - IScalaPresentationCompiler$ - Ignoring InterruptException
2018-02-23 22:10:41,027 ERROR [Text Viewer Hover Presenter] - IScalaPresentationCompiler$ - Ignoring InterruptException
2018-02-23 22:10:55,171 ERROR [Text Viewer Hover Presenter] - IScalaPresentationCompiler$ - Ignoring InterruptException
2018-02-23 22:10:55,171 ERROR [Text Viewer Hover Presenter] - IScalaPresentationCompiler$ - Ignoring InterruptException
2018-02-23 22:10:55,171 ERROR [Text Viewer Hover Presenter] - IScalaPresentationCompiler$ - Ignoring InterruptException
2018-02-23 22:11:28,294 ERROR [Text Viewer Hover Presenter] - IScalaPresentationCompiler$ - Ignoring InterruptException
2018-02-23 22:11:28,296 ERROR [Text Viewer Hover Presenter] - IScalaPresentationCompiler$ - Ignoring InterruptException
2018-02-23 22:11:28,296 ERROR [Text Viewer Hover Presenter] - IScalaPresentationCompiler$ - Ignoring InterruptException
2018-02-23 22:11:38,038 ERROR [Text Viewer Hover Presenter] - IScalaPresentationCompiler$ - Ignoring InterruptException
2018-02-23 22:11:38,039 ERROR [Text Viewer Hover Presenter] - IScalaPresentationCompiler$ - Ignoring InterruptException
2018-02-23 22:11:38,039 ERROR [Text Viewer Hover Presenter] - IScalaPresentationCompiler$ - Ignoring InterruptException
2018-02-23 22:11:47,943 ERROR [Text Viewer Hover Presenter] - IScalaPresentationCompiler$ - Ignoring InterruptException
2018-02-23 22:11:47,944 ERROR [Text Viewer Hover Presenter] - IScalaPresentationCompiler$ - Ignoring InterruptException
2018-02-23 22:11:47,944 ERROR [Text Viewer Hover Presenter] - IScalaPresentationCompiler$ - Ignoring InterruptException
2018-02-23 22:11:57,915  WARN [Worker-7] - ScalaProject - Project DDS has platform default sourceLevel.
2018-02-23 22:11:57,917  WARN [Worker-7] - ScalaProject - Project DDS runs on platform default installation.
2018-02-23 22:11:59,624  WARN [Worker-7] - ScalaProject - Project DDS has platform default sourceLevel.
2018-02-23 22:11:59,625  WARN [Worker-7] - ScalaProject - Project DDS runs on platform default installation.
2018-02-23 22:12:04,322 ERROR [Text Viewer Hover Presenter] - IScalaPresentationCompiler$ - Ignoring InterruptException
2018-02-23 22:12:04,322 ERROR [Text Viewer Hover Presenter] - IScalaPresentationCompiler$ - Ignoring InterruptException
2018-02-23 22:12:04,322 ERROR [Text Viewer Hover Presenter] - IScalaPresentationCompiler$ - Ignoring InterruptException
2018-02-23 22:12:13,557 ERROR [Text Viewer Hover Presenter] - IScalaPresentationCompiler$ - Ignoring InterruptException
2018-02-23 22:12:13,558 ERROR [Text Viewer Hover Presenter] - IScalaPresentationCompiler$ - Ignoring InterruptException
2018-02-23 22:12:13,558 ERROR [Text Viewer Hover Presenter] - IScalaPresentationCompiler$ - Ignoring InterruptException
2018-02-23 22:12:29,518  WARN [Worker-12] - ScalaProject - Project DDS has platform default sourceLevel.
2018-02-23 22:12:29,518  WARN [Worker-12] - ScalaProject - Project DDS runs on platform default installation.
2018-02-23 22:12:31,210  WARN [Worker-13] - ScalaProject - Project DDS has platform default sourceLevel.
2018-02-23 22:12:31,211  WARN [Worker-13] - ScalaProject - Project DDS runs on platform default installation.
2018-02-23 22:13:12,720  WARN [Worker-13] - ScalaProject - Project DDS has platform default sourceLevel.
2018-02-23 22:13:12,721  WARN [Worker-13] - ScalaProject - Project DDS runs on platform default installation.
2018-02-23 22:13:14,562  WARN [Worker-13] - ScalaProject - Project DDS has platform default sourceLevel.
2018-02-23 22:13:14,562  WARN [Worker-13] - ScalaProject - Project DDS runs on platform default installation.
2018-02-23 22:16:23,605  WARN [Worker-13] - ScalaProject - Project DDS has platform default sourceLevel.
2018-02-23 22:16:23,610  WARN [Worker-13] - ScalaProject - Project DDS runs on platform default installation.
2018-02-23 22:16:52,202  WARN [Worker-14] - ScalaProject - Project DDS has platform default sourceLevel.
2018-02-23 22:16:52,204  WARN [Worker-14] - ScalaProject - Project DDS runs on platform default installation.
2018-02-23 22:16:53,833  WARN [Worker-14] - ScalaProject - Project DDS has platform default sourceLevel.
2018-02-23 22:16:53,833  WARN [Worker-14] - ScalaProject - Project DDS runs on platform default installation.
2018-02-23 22:17:08,479  WARN [Worker-13] - ScalaProject - Project DDS has platform default sourceLevel.
2018-02-23 22:17:08,480  WARN [Worker-13] - ScalaProject - Project DDS runs on platform default installation.
2018-02-23 22:17:10,337  WARN [Worker-14] - ScalaProject - Project DDS has platform default sourceLevel.
2018-02-23 22:17:10,337  WARN [Worker-14] - ScalaProject - Project DDS runs on platform default installation.
2018-02-23 22:17:23,242  WARN [Worker-7] - ScalaProject - Project DDS has platform default sourceLevel.
2018-02-23 22:17:23,244  WARN [Worker-7] - ScalaProject - Project DDS runs on platform default installation.
2018-02-23 22:17:24,939  WARN [Worker-7] - ScalaProject - Project DDS has platform default sourceLevel.
2018-02-23 22:17:24,939  WARN [Worker-7] - ScalaProject - Project DDS runs on platform default installation.
2018-02-23 22:17:58,656  WARN [Worker-7] - ScalaProject - Project DDS has platform default sourceLevel.
2018-02-23 22:17:58,662  WARN [Worker-7] - ScalaProject - Project DDS runs on platform default installation.
2018-02-23 22:18:00,317  WARN [Worker-13] - ScalaProject - Project DDS has platform default sourceLevel.
2018-02-23 22:18:00,317  WARN [Worker-13] - ScalaProject - Project DDS runs on platform default installation.
2018-02-23 22:18:05,384  WARN [Worker-14] - ScalaProject - Project DDS has platform default sourceLevel.
2018-02-23 22:18:05,384  WARN [Worker-14] - ScalaProject - Project DDS runs on platform default installation.
2018-02-23 22:18:07,031  WARN [Worker-14] - ScalaProject - Project DDS has platform default sourceLevel.
2018-02-23 22:18:07,032  WARN [Worker-14] - ScalaProject - Project DDS runs on platform default installation.
2018-02-23 22:18:50,030  WARN [Worker-7] - ScalaProject - Project DDS has platform default sourceLevel.
2018-02-23 22:18:50,034  WARN [Worker-7] - ScalaProject - Project DDS runs on platform default installation.
2018-02-23 22:18:51,696  WARN [Worker-13] - ScalaProject - Project DDS has platform default sourceLevel.
2018-02-23 22:18:51,696  WARN [Worker-13] - ScalaProject - Project DDS runs on platform default installation.
2018-02-23 22:19:57,790  WARN [Worker-15] - ScalaProject - Project DDS has platform default sourceLevel.
2018-02-23 22:19:57,792  WARN [Worker-15] - ScalaProject - Project DDS runs on platform default installation.
2018-02-23 22:19:58,743 ERROR [Text Viewer Hover Presenter] - IScalaPresentationCompiler$ - Ignoring InterruptException
2018-02-23 22:19:58,743 ERROR [Text Viewer Hover Presenter] - IScalaPresentationCompiler$ - Ignoring InterruptException
2018-02-23 22:19:58,743 ERROR [Text Viewer Hover Presenter] - IScalaPresentationCompiler$ - Ignoring InterruptException
2018-02-23 22:19:59,527  WARN [Worker-14] - ScalaProject - Project DDS has platform default sourceLevel.
2018-02-23 22:19:59,528  WARN [Worker-14] - ScalaProject - Project DDS runs on platform default installation.
2018-02-23 22:20:10,046  WARN [Worker-13] - ScalaProject - Project DDS has platform default sourceLevel.
2018-02-23 22:20:10,046  WARN [Worker-13] - ScalaProject - Project DDS runs on platform default installation.
2018-02-23 22:20:11,625  WARN [Worker-7] - ScalaProject - Project DDS has platform default sourceLevel.
2018-02-23 22:20:11,627  WARN [Worker-7] - ScalaProject - Project DDS runs on platform default installation.
2018-02-23 22:20:34,550  WARN [Worker-7] - ScalaProject - Project DDS has platform default sourceLevel.
2018-02-23 22:20:34,551  WARN [Worker-7] - ScalaProject - Project DDS runs on platform default installation.
2018-02-23 22:20:36,128  WARN [Worker-7] - ScalaProject - Project DDS has platform default sourceLevel.
2018-02-23 22:20:36,129  WARN [Worker-7] - ScalaProject - Project DDS runs on platform default installation.
2018-02-23 22:20:44,736  WARN [Worker-13] - ScalaProject - Project DDS has platform default sourceLevel.
2018-02-23 22:20:44,736  WARN [Worker-13] - ScalaProject - Project DDS runs on platform default installation.
2018-02-23 22:20:46,362  WARN [Worker-7] - ScalaProject - Project DDS has platform default sourceLevel.
2018-02-23 22:20:46,363  WARN [Worker-7] - ScalaProject - Project DDS runs on platform default installation.
2018-02-23 22:21:17,463 ERROR [Text Viewer Hover Presenter] - IScalaPresentationCompiler$ - Ignoring InterruptException
2018-02-23 22:21:17,464 ERROR [Text Viewer Hover Presenter] - IScalaPresentationCompiler$ - Ignoring InterruptException
2018-02-23 22:21:17,464 ERROR [Text Viewer Hover Presenter] - IScalaPresentationCompiler$ - Ignoring InterruptException
2018-02-23 22:21:18,456  WARN [Worker-14] - ScalaProject - Project DDS has platform default sourceLevel.
2018-02-23 22:21:18,457  WARN [Worker-14] - ScalaProject - Project DDS runs on platform default installation.
2018-02-23 22:21:32,528  WARN [Worker-13] - ScalaProject - Project DDS has platform default sourceLevel.
2018-02-23 22:21:32,528  WARN [Worker-13] - ScalaProject - Project DDS runs on platform default installation.
2018-02-23 22:21:34,103  WARN [Worker-7] - ScalaProject - Project DDS has platform default sourceLevel.
2018-02-23 22:21:34,104  WARN [Worker-7] - ScalaProject - Project DDS runs on platform default installation.
2018-02-23 22:21:49,069  WARN [Worker-14] - ScalaProject - Project DDS has platform default sourceLevel.
2018-02-23 22:21:49,069  WARN [Worker-14] - ScalaProject - Project DDS runs on platform default installation.
2018-02-23 22:21:50,665  WARN [Worker-14] - ScalaProject - Project DDS has platform default sourceLevel.
2018-02-23 22:21:50,666  WARN [Worker-14] - ScalaProject - Project DDS runs on platform default installation.
2018-02-23 22:22:14,545  WARN [Worker-15] - ScalaProject - Project DDS has platform default sourceLevel.
2018-02-23 22:22:14,548  WARN [Worker-15] - ScalaProject - Project DDS runs on platform default installation.
2018-02-23 22:22:16,125  WARN [Worker-15] - ScalaProject - Project DDS has platform default sourceLevel.
2018-02-23 22:22:16,125  WARN [Worker-15] - ScalaProject - Project DDS runs on platform default installation.
2018-02-23 22:22:44,809  WARN [Worker-15] - ScalaProject - Project DDS has platform default sourceLevel.
2018-02-23 22:22:44,809  WARN [Worker-15] - ScalaProject - Project DDS runs on platform default installation.
2018-02-23 22:22:46,421  WARN [Worker-13] - ScalaProject - Project DDS has platform default sourceLevel.
2018-02-23 22:22:46,422  WARN [Worker-13] - ScalaProject - Project DDS runs on platform default installation.
2018-02-23 22:24:02,297  WARN [ModalContext] - ScalaProject - Project hw3 has platform default sourceLevel.
2018-02-23 22:24:02,297  WARN [ModalContext] - ScalaProject - Project hw3 runs on platform default installation.
2018-02-23 22:24:02,756  WARN [Worker-14] - ScalaProject - Project hw3 has platform default sourceLevel.
2018-02-23 22:24:02,756  WARN [Worker-14] - ScalaProject - Project hw3 runs on platform default installation.
2018-02-23 22:24:02,761  WARN [Worker-14] - ScalaProject - Project hw3 has platform default sourceLevel.
2018-02-23 22:24:02,762  WARN [Worker-14] - ScalaProject - Project hw3 runs on platform default installation.
2018-02-23 22:24:03,254  WARN [org.eclipse.jface.text.reconciler.MonoReconciler] - ScalaProject - Project DDS has platform default sourceLevel.
2018-02-23 22:24:03,254  WARN [org.eclipse.jface.text.reconciler.MonoReconciler] - ScalaProject - Project DDS runs on platform default installation.
2018-02-23 22:24:03,262  WARN [org.eclipse.jface.text.reconciler.MonoReconciler] - ScalaProject - Project DDS has platform default sourceLevel.
2018-02-23 22:24:03,262  WARN [org.eclipse.jface.text.reconciler.MonoReconciler] - ScalaProject - Project DDS runs on platform default installation.
2018-02-23 22:24:03,270 ERROR [main] - org.scala-ide.sdt.core - org.scala-ide.sdt.core - org.scala-ide.sdt.core - 0 - Error thrown while initializing the presentation compiler.
Java Model Exception: Java Model Status [DDS does not exist]
	at org.eclipse.jdt.internal.core.JavaElement.newNotPresentException(JavaElement.java:556)
	at org.eclipse.jdt.internal.core.JavaModelManager.getPerProjectInfoCheckExistence(JavaModelManager.java:2451)
	at org.eclipse.jdt.internal.core.JavaProject.getPerProjectInfo(JavaProject.java:1903)
	at org.eclipse.jdt.internal.core.JavaProject.getRawClasspath(JavaProject.java:1925)
	at org.scalaide.core.internal.project.ClasspathManagement.jdkPaths(ClasspathManagement.scala:149)
	at org.scalaide.core.internal.project.ClasspathManagement.jdkPaths$(ClasspathManagement.scala:148)
	at org.scalaide.core.internal.project.ScalaProject.jdkPaths(ScalaProject.scala:150)
	at org.scalaide.core.internal.project.ClasspathManagement.scalaClasspath(ClasspathManagement.scala:136)
	at org.scalaide.core.internal.project.ClasspathManagement.scalaClasspath$(ClasspathManagement.scala:135)
	at org.scalaide.core.internal.project.ScalaProject.scalaClasspath(ScalaProject.scala:150)
	at org.scalaide.core.internal.project.ScalaProject.setupCompilerClasspath(ScalaProject.scala:498)
	at org.scalaide.core.internal.project.ScalaProject.initializeCompilerSettings(ScalaProject.scala:485)
	at org.scalaide.core.internal.project.ScalaProject.prepareCompilerSettings(ScalaProject.scala:438)
	at org.scalaide.core.internal.project.ScalaProject.$anonfun$presentationCompiler$1(ScalaProject.scala:162)
	at org.scalaide.core.internal.compiler.PresentationCompilerProxy.liftedTree1$1(PresentationCompilerProxy.scala:154)
	at org.scalaide.core.internal.compiler.PresentationCompilerProxy.create(PresentationCompilerProxy.scala:153)
	at org.scalaide.core.internal.compiler.PresentationCompilerProxy.initialize(PresentationCompilerProxy.scala:118)
	at org.scalaide.core.internal.compiler.PresentationCompilerProxy.obtainPc$1(PresentationCompilerProxy.scala:80)
	at org.scalaide.core.internal.compiler.PresentationCompilerProxy.internal(PresentationCompilerProxy.scala:100)
	at org.scalaide.core.internal.compiler.PresentationCompilerProxy.apply(PresentationCompilerProxy.scala:58)
	at org.scalaide.core.compiler.InteractiveCompilationUnit.forceReconcile(InteractiveCompilationUnit.scala:150)
	at org.scalaide.core.compiler.InteractiveCompilationUnit.forceReconcile$(InteractiveCompilationUnit.scala:149)
	at org.scalaide.worksheet.ScriptCompilationUnit.forceReconcile(ScriptCompilationUnit.scala:26)
	at org.scalaide.worksheet.reconciler.ScalaReconcilingStrategy.reconcile(ScalaReconcilingStrategy.scala:29)
	at org.eclipse.jface.text.reconciler.MonoReconciler.process(MonoReconciler.java:73)
	at org.eclipse.jface.text.reconciler.AbstractReconciler$BackgroundThread.run(AbstractReconciler.java:207)
2018-02-23 22:24:03,277 ERROR [main] - org.scala-ide.sdt.core - org.scala-ide.sdt.core - org.scala-ide.sdt.core - 0 - Error thrown while initializing the presentation compiler.
Java Model Exception: Java Model Status [DDS does not exist]
	at org.eclipse.jdt.internal.core.JavaElement.newNotPresentException(JavaElement.java:556)
	at org.eclipse.jdt.internal.core.JavaModelManager.getPerProjectInfoCheckExistence(JavaModelManager.java:2451)
	at org.eclipse.jdt.internal.core.JavaProject.getPerProjectInfo(JavaProject.java:1903)
	at org.eclipse.jdt.internal.core.JavaProject.getRawClasspath(JavaProject.java:1925)
	at org.scalaide.core.internal.project.ClasspathManagement.jdkPaths(ClasspathManagement.scala:149)
	at org.scalaide.core.internal.project.ClasspathManagement.jdkPaths$(ClasspathManagement.scala:148)
	at org.scalaide.core.internal.project.ScalaProject.jdkPaths(ScalaProject.scala:150)
	at org.scalaide.core.internal.project.ClasspathManagement.scalaClasspath(ClasspathManagement.scala:136)
	at org.scalaide.core.internal.project.ClasspathManagement.scalaClasspath$(ClasspathManagement.scala:135)
	at org.scalaide.core.internal.project.ScalaProject.scalaClasspath(ScalaProject.scala:150)
	at org.scalaide.core.internal.project.ScalaProject.setupCompilerClasspath(ScalaProject.scala:498)
	at org.scalaide.core.internal.project.ScalaProject.initializeCompilerSettings(ScalaProject.scala:485)
	at org.scalaide.core.internal.project.ScalaProject.prepareCompilerSettings(ScalaProject.scala:438)
	at org.scalaide.core.internal.project.ScalaProject.$anonfun$presentationCompiler$1(ScalaProject.scala:162)
	at org.scalaide.core.internal.compiler.PresentationCompilerProxy.liftedTree1$1(PresentationCompilerProxy.scala:154)
	at org.scalaide.core.internal.compiler.PresentationCompilerProxy.create(PresentationCompilerProxy.scala:153)
	at org.scalaide.core.internal.compiler.PresentationCompilerProxy.initialize(PresentationCompilerProxy.scala:118)
	at org.scalaide.core.internal.compiler.PresentationCompilerProxy.obtainPc$1(PresentationCompilerProxy.scala:80)
	at org.scalaide.core.internal.compiler.PresentationCompilerProxy.internal(PresentationCompilerProxy.scala:100)
	at org.scalaide.core.internal.compiler.PresentationCompilerProxy.apply(PresentationCompilerProxy.scala:58)
	at org.scalaide.core.compiler.InteractiveCompilationUnit.currentProblems(InteractiveCompilationUnit.scala:183)
	at org.scalaide.core.compiler.InteractiveCompilationUnit.currentProblems$(InteractiveCompilationUnit.scala:180)
	at org.scalaide.worksheet.ScriptCompilationUnit.currentProblems(ScriptCompilationUnit.scala:26)
	at org.scalaide.core.compiler.InteractiveCompilationUnit.forceReconcile(InteractiveCompilationUnit.scala:151)
	at org.scalaide.core.compiler.InteractiveCompilationUnit.forceReconcile$(InteractiveCompilationUnit.scala:149)
	at org.scalaide.worksheet.ScriptCompilationUnit.forceReconcile(ScriptCompilationUnit.scala:26)
	at org.scalaide.worksheet.reconciler.ScalaReconcilingStrategy.reconcile(ScalaReconcilingStrategy.scala:29)
	at org.eclipse.jface.text.reconciler.MonoReconciler.process(MonoReconciler.java:73)
	at org.eclipse.jface.text.reconciler.AbstractReconciler$BackgroundThread.run(AbstractReconciler.java:207)
2018-02-23 22:24:06,588  WARN [Text Viewer Hover Presenter] - ScalaProject - Project hw3 has platform default sourceLevel.
2018-02-23 22:24:06,588  WARN [Text Viewer Hover Presenter] - ScalaProject - Project hw3 runs on platform default installation.
2018-02-23 22:24:19,206  WARN [Worker-15] - ScalaProject - Project hw3 has platform default sourceLevel.
2018-02-23 22:24:19,206  WARN [Worker-15] - ScalaProject - Project hw3 runs on platform default installation.
2018-02-23 22:24:20,933  WARN [Worker-16] - ScalaProject - Project hw3 has platform default sourceLevel.
2018-02-23 22:24:20,933  WARN [Worker-16] - ScalaProject - Project hw3 runs on platform default installation.
2018-02-23 22:30:05,834  WARN [Worker-13] - ScalaProject - Project hw3 has platform default sourceLevel.
2018-02-23 22:30:05,837  WARN [Worker-13] - ScalaProject - Project hw3 runs on platform default installation.
2018-02-23 22:30:07,719  WARN [Worker-7] - ScalaProject - Project hw3 has platform default sourceLevel.
2018-02-23 22:30:07,719  WARN [Worker-7] - ScalaProject - Project hw3 runs on platform default installation.
2018-02-23 22:35:27,628  WARN [Worker-18] - ScalaProject - Project hw3 has platform default sourceLevel.
2018-02-23 22:35:27,629  WARN [Worker-18] - ScalaProject - Project hw3 runs on platform default installation.
2018-02-23 22:35:29,144  WARN [Worker-13] - ScalaProject - Project hw3 has platform default sourceLevel.
2018-02-23 22:35:29,144  WARN [Worker-13] - ScalaProject - Project hw3 runs on platform default installation.
2018-02-23 22:36:46,439  WARN [Worker-13] - ScalaProject - Project hw3 has platform default sourceLevel.
2018-02-23 22:36:46,441  WARN [Worker-13] - ScalaProject - Project hw3 runs on platform default installation.
2018-02-23 22:36:48,014  WARN [Worker-17] - ScalaProject - Project hw3 has platform default sourceLevel.
2018-02-23 22:36:48,014  WARN [Worker-17] - ScalaProject - Project hw3 runs on platform default installation.
2018-02-23 22:37:13,635  WARN [Worker-17] - ScalaProject - Project hw3 has platform default sourceLevel.
2018-02-23 22:37:13,635  WARN [Worker-17] - ScalaProject - Project hw3 runs on platform default installation.
2018-02-23 22:37:35,525  WARN [Worker-13] - ScalaProject - Project hw3 has platform default sourceLevel.
2018-02-23 22:37:35,525  WARN [Worker-13] - ScalaProject - Project hw3 runs on platform default installation.
2018-02-23 22:37:37,077  WARN [Worker-17] - ScalaProject - Project hw3 has platform default sourceLevel.
2018-02-23 22:37:37,077  WARN [Worker-17] - ScalaProject - Project hw3 runs on platform default installation.
2018-02-23 22:37:58,209  WARN [Worker-13] - ScalaProject - Project hw3 has platform default sourceLevel.
2018-02-23 22:37:58,210  WARN [Worker-13] - ScalaProject - Project hw3 runs on platform default installation.
2018-02-23 22:37:59,704  WARN [Worker-13] - ScalaProject - Project hw3 has platform default sourceLevel.
2018-02-23 22:37:59,704  WARN [Worker-13] - ScalaProject - Project hw3 runs on platform default installation.
2018-02-23 22:38:01,247  WARN [Worker-20] - ScalaProject - Project hw3 has platform default sourceLevel.
2018-02-23 22:38:01,247  WARN [Worker-20] - ScalaProject - Project hw3 runs on platform default installation.
2018-02-23 22:38:02,704  WARN [Worker-17] - ScalaProject - Project hw3 has platform default sourceLevel.
2018-02-23 22:38:02,705  WARN [Worker-17] - ScalaProject - Project hw3 runs on platform default installation.
2018-02-23 22:38:04,225  WARN [Worker-18] - ScalaProject - Project hw3 has platform default sourceLevel.
2018-02-23 22:38:04,225  WARN [Worker-18] - ScalaProject - Project hw3 runs on platform default installation.
2018-02-23 22:38:09,102  WARN [Worker-13] - ScalaProject - Project hw3 has platform default sourceLevel.
2018-02-23 22:38:09,102  WARN [Worker-13] - ScalaProject - Project hw3 runs on platform default installation.
2018-02-23 22:38:10,576  WARN [Worker-20] - ScalaProject - Project hw3 has platform default sourceLevel.
2018-02-23 22:38:10,576  WARN [Worker-20] - ScalaProject - Project hw3 runs on platform default installation.
2018-02-23 22:39:04,357  WARN [Worker-17] - ScalaProject - Project hw3 has platform default sourceLevel.
2018-02-23 22:39:04,357  WARN [Worker-17] - ScalaProject - Project hw3 runs on platform default installation.
2018-02-23 22:39:05,844  WARN [Worker-17] - ScalaProject - Project hw3 has platform default sourceLevel.
2018-02-23 22:39:05,844  WARN [Worker-17] - ScalaProject - Project hw3 runs on platform default installation.
2018-02-23 22:39:13,873  WARN [Worker-13] - ScalaProject - Project hw3 has platform default sourceLevel.
2018-02-23 22:39:13,875  WARN [Worker-13] - ScalaProject - Project hw3 runs on platform default installation.
2018-02-23 22:39:15,436  WARN [Worker-21] - ScalaProject - Project hw3 has platform default sourceLevel.
2018-02-23 22:39:15,436  WARN [Worker-21] - ScalaProject - Project hw3 runs on platform default installation.
2018-02-23 22:39:17,056  WARN [Worker-20] - ScalaProject - Project hw3 has platform default sourceLevel.
2018-02-23 22:39:17,056  WARN [Worker-20] - ScalaProject - Project hw3 runs on platform default installation.
2018-02-23 22:39:18,542  WARN [Worker-17] - ScalaProject - Project hw3 has platform default sourceLevel.
2018-02-23 22:39:18,542  WARN [Worker-17] - ScalaProject - Project hw3 runs on platform default installation.
2018-02-23 22:39:37,708  WARN [Worker-18] - ScalaProject - Project hw3 has platform default sourceLevel.
2018-02-23 22:39:37,708  WARN [Worker-18] - ScalaProject - Project hw3 runs on platform default installation.
2018-02-23 22:39:39,243  WARN [Worker-13] - ScalaProject - Project hw3 has platform default sourceLevel.
2018-02-23 22:39:39,243  WARN [Worker-13] - ScalaProject - Project hw3 runs on platform default installation.
2018-02-23 22:39:45,479  WARN [Worker-17] - ScalaProject - Project hw3 has platform default sourceLevel.
2018-02-23 22:39:45,480  WARN [Worker-17] - ScalaProject - Project hw3 runs on platform default installation.
2018-02-23 22:39:46,997  WARN [Worker-21] - ScalaProject - Project hw3 has platform default sourceLevel.
2018-02-23 22:39:46,997  WARN [Worker-21] - ScalaProject - Project hw3 runs on platform default installation.
2018-02-23 22:41:29,650  WARN [Worker-21] - ScalaProject - Project hw3 has platform default sourceLevel.
2018-02-23 22:41:29,653  WARN [Worker-21] - ScalaProject - Project hw3 runs on platform default installation.
2018-02-23 22:41:31,149  WARN [Worker-18] - ScalaProject - Project hw3 has platform default sourceLevel.
2018-02-23 22:41:31,149  WARN [Worker-18] - ScalaProject - Project hw3 runs on platform default installation.
2018-02-23 22:41:36,485  WARN [Worker-17] - ScalaProject - Project hw3 has platform default sourceLevel.
2018-02-23 22:41:36,485  WARN [Worker-17] - ScalaProject - Project hw3 runs on platform default installation.
2018-02-23 22:41:37,969  WARN [Worker-17] - ScalaProject - Project hw3 has platform default sourceLevel.
2018-02-23 22:41:37,969  WARN [Worker-17] - ScalaProject - Project hw3 runs on platform default installation.
2018-02-23 22:41:46,133  WARN [Worker-18] - ScalaProject - Project hw3 has platform default sourceLevel.
2018-02-23 22:41:46,133  WARN [Worker-18] - ScalaProject - Project hw3 runs on platform default installation.
2018-02-23 22:41:47,817  WARN [Worker-22] - ScalaProject - Project hw3 has platform default sourceLevel.
2018-02-23 22:41:47,817  WARN [Worker-22] - ScalaProject - Project hw3 runs on platform default installation.
2018-02-23 22:42:02,408  WARN [Worker-20] - ScalaProject - Project hw3 has platform default sourceLevel.
2018-02-23 22:42:02,409  WARN [Worker-20] - ScalaProject - Project hw3 runs on platform default installation.
2018-02-23 22:42:04,504  WARN [Worker-20] - ScalaProject - Project hw3 has platform default sourceLevel.
2018-02-23 22:42:04,504  WARN [Worker-20] - ScalaProject - Project hw3 runs on platform default installation.
2018-02-23 22:42:12,053  WARN [Worker-20] - ScalaProject - Project hw3 has platform default sourceLevel.
2018-02-23 22:42:12,053  WARN [Worker-20] - ScalaProject - Project hw3 runs on platform default installation.
2018-02-23 22:42:13,568  WARN [Worker-18] - ScalaProject - Project hw3 has platform default sourceLevel.
2018-02-23 22:42:13,570  WARN [Worker-18] - ScalaProject - Project hw3 runs on platform default installation.
2018-02-23 22:42:22,958  WARN [Worker-17] - ScalaProject - Project hw3 has platform default sourceLevel.
2018-02-23 22:42:22,958  WARN [Worker-17] - ScalaProject - Project hw3 runs on platform default installation.
2018-02-23 22:42:24,534  WARN [Worker-17] - ScalaProject - Project hw3 has platform default sourceLevel.
2018-02-23 22:42:24,534  WARN [Worker-17] - ScalaProject - Project hw3 runs on platform default installation.
2018-02-23 22:42:57,012  WARN [Worker-21] - ScalaProject - Project hw3 has platform default sourceLevel.
2018-02-23 22:42:57,013  WARN [Worker-21] - ScalaProject - Project hw3 runs on platform default installation.
2018-02-23 22:42:58,555  WARN [Worker-17] - ScalaProject - Project hw3 has platform default sourceLevel.
2018-02-23 22:42:58,556  WARN [Worker-17] - ScalaProject - Project hw3 runs on platform default installation.
2018-02-23 22:43:21,983  WARN [Worker-20] - ScalaProject - Project hw3 has platform default sourceLevel.
2018-02-23 22:43:21,984  WARN [Worker-20] - ScalaProject - Project hw3 runs on platform default installation.
2018-02-23 22:43:23,536  WARN [Worker-18] - ScalaProject - Project hw3 has platform default sourceLevel.
2018-02-23 22:43:23,536  WARN [Worker-18] - ScalaProject - Project hw3 runs on platform default installation.
2018-02-23 22:43:43,256  WARN [Worker-17] - ScalaProject - Project hw3 has platform default sourceLevel.
2018-02-23 22:43:43,256  WARN [Worker-17] - ScalaProject - Project hw3 runs on platform default installation.
2018-02-23 22:43:45,004  WARN [Worker-20] - ScalaProject - Project hw3 has platform default sourceLevel.
2018-02-23 22:43:45,006  WARN [Worker-20] - ScalaProject - Project hw3 runs on platform default installation.
2018-02-23 22:43:46,590  WARN [Worker-20] - ScalaProject - Project hw3 has platform default sourceLevel.
2018-02-23 22:43:46,590  WARN [Worker-20] - ScalaProject - Project hw3 runs on platform default installation.
2018-02-23 22:44:42,998  WARN [Worker-21] - ScalaProject - Project hw3 has platform default sourceLevel.
2018-02-23 22:44:42,998  WARN [Worker-21] - ScalaProject - Project hw3 runs on platform default installation.
2018-02-23 22:44:44,565  WARN [Worker-21] - ScalaProject - Project hw3 has platform default sourceLevel.
2018-02-23 22:44:44,565  WARN [Worker-21] - ScalaProject - Project hw3 runs on platform default installation.
2018-02-23 22:45:00,209  WARN [Worker-17] - ScalaProject - Project hw3 has platform default sourceLevel.
2018-02-23 22:45:00,209  WARN [Worker-17] - ScalaProject - Project hw3 runs on platform default installation.
2018-02-23 22:45:01,836  WARN [Worker-22] - ScalaProject - Project hw3 has platform default sourceLevel.
2018-02-23 22:45:01,838  WARN [Worker-22] - ScalaProject - Project hw3 runs on platform default installation.
2018-02-23 22:45:29,904  WARN [Worker-20] - ScalaProject - Project hw3 has platform default sourceLevel.
2018-02-23 22:45:29,904  WARN [Worker-20] - ScalaProject - Project hw3 runs on platform default installation.
2018-02-23 22:45:31,490  WARN [Worker-22] - ScalaProject - Project hw3 has platform default sourceLevel.
2018-02-23 22:45:31,492  WARN [Worker-22] - ScalaProject - Project hw3 runs on platform default installation.
2018-02-23 22:45:50,723  WARN [Worker-18] - ScalaProject - Project hw3 has platform default sourceLevel.
2018-02-23 22:45:50,724  WARN [Worker-18] - ScalaProject - Project hw3 runs on platform default installation.
2018-02-23 22:45:52,293  WARN [Worker-22] - ScalaProject - Project hw3 has platform default sourceLevel.
2018-02-23 22:45:52,293  WARN [Worker-22] - ScalaProject - Project hw3 runs on platform default installation.
2018-02-23 22:49:14,580  WARN [Worker-23] - ScalaProject - Project hw3 has platform default sourceLevel.
2018-02-23 22:49:14,582  WARN [Worker-23] - ScalaProject - Project hw3 runs on platform default installation.
2018-02-23 22:49:16,238  WARN [Worker-23] - ScalaProject - Project hw3 has platform default sourceLevel.
2018-02-23 22:49:16,239  WARN [Worker-23] - ScalaProject - Project hw3 runs on platform default installation.
2018-02-23 22:49:18,487  WARN [Worker-23] - ScalaProject - Project hw3 has platform default sourceLevel.
2018-02-23 22:49:18,487  WARN [Worker-23] - ScalaProject - Project hw3 runs on platform default installation.
2018-02-23 22:49:20,085  WARN [Worker-24] - ScalaProject - Project hw3 has platform default sourceLevel.
2018-02-23 22:49:20,085  WARN [Worker-24] - ScalaProject - Project hw3 runs on platform default installation.
2018-02-23 22:49:23,196  WARN [Worker-20] - ScalaProject - Project hw3 has platform default sourceLevel.
2018-02-23 22:49:23,196  WARN [Worker-20] - ScalaProject - Project hw3 runs on platform default installation.
2018-02-23 22:49:24,717  WARN [Worker-24] - ScalaProject - Project hw3 has platform default sourceLevel.
2018-02-23 22:49:24,717  WARN [Worker-24] - ScalaProject - Project hw3 runs on platform default installation.
2018-02-23 22:49:28,438  WARN [Worker-23] - ScalaProject - Project hw3 has platform default sourceLevel.
2018-02-23 22:49:28,438  WARN [Worker-23] - ScalaProject - Project hw3 runs on platform default installation.
2018-02-23 22:49:30,116  WARN [Worker-24] - ScalaProject - Project hw3 has platform default sourceLevel.
2018-02-23 22:49:30,116  WARN [Worker-24] - ScalaProject - Project hw3 runs on platform default installation.
2018-02-23 22:50:04,201  WARN [Worker-24] - ScalaProject - Project hw3 has platform default sourceLevel.
2018-02-23 22:50:04,203  WARN [Worker-24] - ScalaProject - Project hw3 runs on platform default installation.
2018-02-23 22:50:05,921  WARN [Worker-20] - ScalaProject - Project hw3 has platform default sourceLevel.
2018-02-23 22:50:05,921  WARN [Worker-20] - ScalaProject - Project hw3 runs on platform default installation.
2018-02-23 22:50:35,070  WARN [Worker-24] - ScalaProject - Project hw3 has platform default sourceLevel.
2018-02-23 22:50:35,070  WARN [Worker-24] - ScalaProject - Project hw3 runs on platform default installation.
2018-02-23 22:50:36,657  WARN [Worker-23] - ScalaProject - Project hw3 has platform default sourceLevel.
2018-02-23 22:50:36,657  WARN [Worker-23] - ScalaProject - Project hw3 runs on platform default installation.
2018-02-23 22:51:19,104  WARN [Worker-24] - ScalaProject - Project hw3 has platform default sourceLevel.
2018-02-23 22:51:19,106  WARN [Worker-24] - ScalaProject - Project hw3 runs on platform default installation.
2018-02-23 22:51:20,664  WARN [Worker-24] - ScalaProject - Project hw3 has platform default sourceLevel.
2018-02-23 22:51:20,665  WARN [Worker-24] - ScalaProject - Project hw3 runs on platform default installation.
2018-02-23 22:51:44,453  WARN [Worker-18] - ScalaProject - Project hw3 has platform default sourceLevel.
2018-02-23 22:51:44,454  WARN [Worker-18] - ScalaProject - Project hw3 runs on platform default installation.
2018-02-23 22:51:46,089  WARN [Worker-18] - ScalaProject - Project hw3 has platform default sourceLevel.
2018-02-23 22:51:46,148  WARN [Worker-18] - ScalaProject - Project hw3 runs on platform default installation.
2018-02-23 22:52:09,213  WARN [Worker-23] - ScalaProject - Project hw3 has platform default sourceLevel.
2018-02-23 22:52:09,214  WARN [Worker-23] - ScalaProject - Project hw3 runs on platform default installation.
2018-02-23 22:52:10,797  WARN [Worker-23] - ScalaProject - Project hw3 has platform default sourceLevel.
2018-02-23 22:52:10,797  WARN [Worker-23] - ScalaProject - Project hw3 runs on platform default installation.
2018-02-23 22:52:25,859 ERROR [Text Viewer Hover Presenter] - IScalaPresentationCompiler$ - Ignoring InterruptException
2018-02-23 22:52:25,859 ERROR [Text Viewer Hover Presenter] - IScalaPresentationCompiler$ - Ignoring InterruptException
2018-02-23 22:52:25,859 ERROR [Text Viewer Hover Presenter] - IScalaPresentationCompiler$ - Ignoring InterruptException
2018-02-23 22:52:35,060  WARN [Worker-20] - ScalaProject - Project hw3 has platform default sourceLevel.
2018-02-23 22:52:35,060  WARN [Worker-20] - ScalaProject - Project hw3 runs on platform default installation.
2018-02-23 22:52:37,656  WARN [Worker-18] - ScalaProject - Project hw3 has platform default sourceLevel.
2018-02-23 22:52:37,657  WARN [Worker-18] - ScalaProject - Project hw3 runs on platform default installation.
2018-02-23 22:52:39,151  WARN [Worker-24] - ScalaProject - Project hw3 has platform default sourceLevel.
2018-02-23 22:52:39,151  WARN [Worker-24] - ScalaProject - Project hw3 runs on platform default installation.
2018-02-23 22:53:31,066  WARN [Worker-23] - ScalaProject - Project hw3 has platform default sourceLevel.
2018-02-23 22:53:31,068  WARN [Worker-23] - ScalaProject - Project hw3 runs on platform default installation.
2018-02-23 22:53:32,756  WARN [Worker-24] - ScalaProject - Project hw3 has platform default sourceLevel.
2018-02-23 22:53:32,756  WARN [Worker-24] - ScalaProject - Project hw3 runs on platform default installation.
2018-02-23 22:54:08,116  WARN [Worker-20] - ScalaProject - Project hw3 has platform default sourceLevel.
2018-02-23 22:54:08,116  WARN [Worker-20] - ScalaProject - Project hw3 runs on platform default installation.
2018-02-23 22:54:09,709  WARN [Worker-20] - ScalaProject - Project hw3 has platform default sourceLevel.
2018-02-23 22:54:09,709  WARN [Worker-20] - ScalaProject - Project hw3 runs on platform default installation.
2018-02-23 22:55:09,276  WARN [Worker-18] - ScalaProject - Project hw3 has platform default sourceLevel.
2018-02-23 22:55:09,276  WARN [Worker-18] - ScalaProject - Project hw3 runs on platform default installation.
2018-02-23 22:55:10,859  WARN [Worker-18] - ScalaProject - Project hw3 has platform default sourceLevel.
2018-02-23 22:55:10,859  WARN [Worker-18] - ScalaProject - Project hw3 runs on platform default installation.
2018-02-23 22:55:34,200  WARN [Worker-24] - ScalaProject - Project hw3 has platform default sourceLevel.
2018-02-23 22:55:34,200  WARN [Worker-24] - ScalaProject - Project hw3 runs on platform default installation.
2018-02-23 22:55:35,789  WARN [Worker-23] - ScalaProject - Project hw3 has platform default sourceLevel.
2018-02-23 22:55:35,789  WARN [Worker-23] - ScalaProject - Project hw3 runs on platform default installation.
2018-02-23 22:56:38,604  WARN [Worker-24] - ScalaProject - Project hw3 has platform default sourceLevel.
2018-02-23 22:56:38,606  WARN [Worker-24] - ScalaProject - Project hw3 runs on platform default installation.
2018-02-23 22:56:40,232  WARN [Worker-20] - ScalaProject - Project hw3 has platform default sourceLevel.
2018-02-23 22:56:40,232  WARN [Worker-20] - ScalaProject - Project hw3 runs on platform default installation.
2018-02-23 22:57:07,728  WARN [Worker-24] - ScalaProject - Project hw3 has platform default sourceLevel.
2018-02-23 22:57:07,728  WARN [Worker-24] - ScalaProject - Project hw3 runs on platform default installation.
2018-02-23 22:57:09,345  WARN [Worker-24] - ScalaProject - Project hw3 has platform default sourceLevel.
2018-02-23 22:57:09,346  WARN [Worker-24] - ScalaProject - Project hw3 runs on platform default installation.
2018-02-23 22:57:12,437 ERROR [Text Viewer Hover Presenter] - IScalaPresentationCompiler$ - Ignoring InterruptException
2018-02-23 22:57:12,437 ERROR [Text Viewer Hover Presenter] - IScalaPresentationCompiler$ - Ignoring InterruptException
2018-02-23 22:57:12,437 ERROR [Text Viewer Hover Presenter] - IScalaPresentationCompiler$ - Ignoring InterruptException
2018-02-23 22:57:14,451  WARN [Worker-20] - ScalaProject - Project hw3 has platform default sourceLevel.
2018-02-23 22:57:14,451  WARN [Worker-20] - ScalaProject - Project hw3 runs on platform default installation.
2018-02-23 22:57:16,000  WARN [Worker-23] - ScalaProject - Project hw3 has platform default sourceLevel.
2018-02-23 22:57:16,000  WARN [Worker-23] - ScalaProject - Project hw3 runs on platform default installation.
2018-02-23 22:57:31,206  WARN [Worker-23] - ScalaProject - Project hw3 has platform default sourceLevel.
2018-02-23 22:57:31,206  WARN [Worker-23] - ScalaProject - Project hw3 runs on platform default installation.
2018-02-23 22:57:32,746  WARN [Worker-23] - ScalaProject - Project hw3 has platform default sourceLevel.
2018-02-23 22:57:32,746  WARN [Worker-23] - ScalaProject - Project hw3 runs on platform default installation.
2018-02-23 22:58:37,229  WARN [Worker-23] - ScalaProject - Project hw3 has platform default sourceLevel.
2018-02-23 22:58:37,229  WARN [Worker-23] - ScalaProject - Project hw3 runs on platform default installation.
2018-02-23 22:58:38,864  WARN [Worker-20] - ScalaProject - Project hw3 has platform default sourceLevel.
2018-02-23 22:58:38,866  WARN [Worker-20] - ScalaProject - Project hw3 runs on platform default installation.
2018-02-23 22:58:46,731  WARN [Worker-23] - ScalaProject - Project hw3 has platform default sourceLevel.
2018-02-23 22:58:46,731  WARN [Worker-23] - ScalaProject - Project hw3 runs on platform default installation.
2018-02-23 22:58:48,403  WARN [Worker-23] - ScalaProject - Project hw3 has platform default sourceLevel.
2018-02-23 22:58:48,405  WARN [Worker-23] - ScalaProject - Project hw3 runs on platform default installation.
2018-02-23 22:59:23,174  WARN [Worker-24] - ScalaProject - Project hw3 has platform default sourceLevel.
2018-02-23 22:59:23,174  WARN [Worker-24] - ScalaProject - Project hw3 runs on platform default installation.
2018-02-23 22:59:24,754  WARN [Worker-25] - ScalaProject - Project hw3 has platform default sourceLevel.
2018-02-23 22:59:24,754  WARN [Worker-25] - ScalaProject - Project hw3 runs on platform default installation.
2018-02-23 22:59:32,856  WARN [Worker-25] - ScalaProject - Project hw3 has platform default sourceLevel.
2018-02-23 22:59:32,856  WARN [Worker-25] - ScalaProject - Project hw3 runs on platform default installation.
2018-02-23 22:59:35,000  WARN [Worker-24] - ScalaProject - Project hw3 has platform default sourceLevel.
2018-02-23 22:59:35,000  WARN [Worker-24] - ScalaProject - Project hw3 runs on platform default installation.
2018-02-23 22:59:36,574  WARN [Worker-24] - ScalaProject - Project hw3 has platform default sourceLevel.
2018-02-23 22:59:36,575  WARN [Worker-24] - ScalaProject - Project hw3 runs on platform default installation.
2018-02-23 23:00:38,867  WARN [Worker-20] - ScalaProject - Project hw3 has platform default sourceLevel.
2018-02-23 23:00:38,869  WARN [Worker-20] - ScalaProject - Project hw3 runs on platform default installation.
2018-02-23 23:00:40,371  WARN [Worker-23] - ScalaProject - Project hw3 has platform default sourceLevel.
2018-02-23 23:00:40,372  WARN [Worker-23] - ScalaProject - Project hw3 runs on platform default installation.
2018-02-23 23:00:56,413  WARN [Worker-20] - ScalaProject - Project hw3 has platform default sourceLevel.
2018-02-23 23:00:56,414  WARN [Worker-20] - ScalaProject - Project hw3 runs on platform default installation.
2018-02-23 23:00:57,948  WARN [Worker-23] - ScalaProject - Project hw3 has platform default sourceLevel.
2018-02-23 23:00:57,948  WARN [Worker-23] - ScalaProject - Project hw3 runs on platform default installation.
2018-02-23 23:01:43,383  WARN [Worker-25] - ScalaProject - Project hw3 has platform default sourceLevel.
2018-02-23 23:01:43,383  WARN [Worker-25] - ScalaProject - Project hw3 runs on platform default installation.
2018-02-23 23:01:44,994  WARN [Worker-20] - ScalaProject - Project hw3 has platform default sourceLevel.
2018-02-23 23:01:44,995  WARN [Worker-20] - ScalaProject - Project hw3 runs on platform default installation.
2018-02-23 23:02:18,611  WARN [Worker-24] - ScalaProject - Project hw3 has platform default sourceLevel.
2018-02-23 23:02:18,611  WARN [Worker-24] - ScalaProject - Project hw3 runs on platform default installation.
2018-02-23 23:02:26,760  WARN [Worker-23] - ScalaProject - Project hw3 has platform default sourceLevel.
2018-02-23 23:02:26,761  WARN [Worker-23] - ScalaProject - Project hw3 runs on platform default installation.
2018-02-23 23:02:26,988 ERROR [Worker-25] - ProgramExecutor$ - Worksheet process has terminated unexpectedly (exit value 143
At the time of termination, the following text was available in the output streams:
Standard output:
  63 Welcome to the Scala worksheet
189 compose: [T](f: T => T, g: T => T)T => T
357 id: [T](x: T)T
587 selfIter: [T](f: T => T, n: Int)T => T
619 inc: (x: Double)Double
628 res0: Double = 5.0
656 res1: Double = 10.0

Standard error:
  

2018-02-23 23:02:34,946  WARN [Worker-23] - ScalaProject - Project hw3 has platform default sourceLevel.
2018-02-23 23:02:34,946  WARN [Worker-23] - ScalaProject - Project hw3 runs on platform default installation.
2018-02-23 23:02:38,990  WARN [Worker-20] - ScalaProject - Project hw3 has platform default sourceLevel.
2018-02-23 23:02:38,990  WARN [Worker-20] - ScalaProject - Project hw3 runs on platform default installation.
2018-02-23 23:02:40,534  WARN [Worker-25] - ScalaProject - Project hw3 has platform default sourceLevel.
2018-02-23 23:02:40,534  WARN [Worker-25] - ScalaProject - Project hw3 runs on platform default installation.
2018-02-23 23:05:37,494  WARN [Worker-23] - ScalaProject - Project hw3 has platform default sourceLevel.
2018-02-23 23:05:37,494  WARN [Worker-23] - ScalaProject - Project hw3 runs on platform default installation.
2018-02-23 23:05:39,091  WARN [Worker-25] - ScalaProject - Project hw3 has platform default sourceLevel.
2018-02-23 23:05:39,091  WARN [Worker-25] - ScalaProject - Project hw3 runs on platform default installation.
2018-02-23 23:06:35,212  WARN [Worker-25] - ScalaProject - Project hw3 has platform default sourceLevel.
2018-02-23 23:06:35,213  WARN [Worker-25] - ScalaProject - Project hw3 runs on platform default installation.
2018-02-23 23:06:36,954  WARN [Worker-23] - ScalaProject - Project hw3 has platform default sourceLevel.
2018-02-23 23:06:36,955  WARN [Worker-23] - ScalaProject - Project hw3 runs on platform default installation.
2018-02-23 23:06:40,426  WARN [Worker-23] - ScalaProject - Project hw3 has platform default sourceLevel.
2018-02-23 23:06:40,426  WARN [Worker-23] - ScalaProject - Project hw3 runs on platform default installation.
2018-02-23 23:06:41,942  WARN [Worker-23] - ScalaProject - Project hw3 has platform default sourceLevel.
2018-02-23 23:06:41,942  WARN [Worker-23] - ScalaProject - Project hw3 runs on platform default installation.
2018-02-23 23:06:48,326  WARN [Worker-23] - ScalaProject - Project hw3 has platform default sourceLevel.
2018-02-23 23:06:48,326  WARN [Worker-23] - ScalaProject - Project hw3 runs on platform default installation.
2018-02-23 23:06:49,836  WARN [Worker-20] - ScalaProject - Project hw3 has platform default sourceLevel.
2018-02-23 23:06:49,837  WARN [Worker-20] - ScalaProject - Project hw3 runs on platform default installation.
2018-02-23 23:06:58,371  WARN [Worker-27] - ScalaProject - Project hw3 has platform default sourceLevel.
2018-02-23 23:06:58,371  WARN [Worker-27] - ScalaProject - Project hw3 runs on platform default installation.
2018-02-23 23:06:59,865  WARN [Worker-25] - ScalaProject - Project hw3 has platform default sourceLevel.
2018-02-23 23:06:59,865  WARN [Worker-25] - ScalaProject - Project hw3 runs on platform default installation.
